<?xml version="1.0" encoding="UTF-8"?>
<testsuite name="project2.transactions.CartTxTests" tests="1" skipped="0" failures="0" errors="0" timestamp="2024-09-29T23:08:54" hostname="DESKTOP-2GG9GAL" time="0.022">
  <properties/>
  <testcase name="correctTransaction()" classname="project2.transactions.CartTxTests" time="0.022"/>
  <system-out><![CDATA[]]></system-out>
  <system-err><![CDATA[]]></system-err>
</testsuite>
